2025-09-29 17:34:57 0 [Note] Starting MariaDB 10.4.32-MariaDB source revision c4143f909528e3fab0677a28631d10389354c491 as process 3856
2025-09-29 17:34:57 0 [Note] InnoDB: Mutexes and rw_locks use Windows interlocked functions
2025-09-29 17:34:57 0 [Note] InnoDB: Uses event mutexes
2025-09-29 17:34:57 0 [Note] InnoDB: Compressed tables use zlib 1.3
2025-09-29 17:34:57 0 [Note] InnoDB: Number of pools: 1
2025-09-29 17:34:57 0 [Note] InnoDB: Using SSE2 crc32 instructions
2025-09-29 17:34:57 0 [Note] InnoDB: Initializing buffer pool, total size = 16M, instances = 1, chunk size = 16M
2025-09-29 17:34:57 0 [Note] InnoDB: Completed initialization of buffer pool
2025-09-29 17:34:57 0 [Note] InnoDB: Starting crash recovery from checkpoint LSN=300288
2025-09-29 17:34:57 0 [Note] InnoDB: 128 out of 128 rollback segments are active.
2025-09-29 17:34:57 0 [Note] InnoDB: Removed temporary tablespace data file: "ibtmp1"
2025-09-29 17:34:57 0 [Note] InnoDB: Creating shared tablespace for temporary tables
2025-09-29 17:34:57 0 [Note] InnoDB: Setting file 'C:\xampp\mysql\data\ibtmp1' size to 12 MB. Physically writing the file full; Please wait ...
2025-09-29 17:34:57 0 [Note] InnoDB: File 'C:\xampp\mysql\data\ibtmp1' size is now 12 MB.
2025-09-29 17:34:57 0 [Note] InnoDB: Waiting for purge to start
2025-09-29 17:34:57 0 [Note] InnoDB: 10.4.32 started; log sequence number 300297; transaction id 170
2025-09-29 17:34:57 0 [Note] InnoDB: Loading buffer pool(s) from C:\xampp\mysql\data\ib_buffer_pool
2025-09-29 17:34:57 0 [Note] Plugin 'FEEDBACK' is disabled.
2025-09-29 17:34:57 0 [Note] Server socket created on IP: '::'.
2025-09-29 17:36:38 0 [Note] Starting MariaDB 10.4.32-MariaDB source revision c4143f909528e3fab0677a28631d10389354c491 as process 12524
2025-09-29 17:36:38 0 [Note] InnoDB: Mutexes and rw_locks use Windows interlocked functions
2025-09-29 17:36:38 0 [Note] InnoDB: Uses event mutexes
2025-09-29 17:36:38 0 [Note] InnoDB: Compressed tables use zlib 1.3
2025-09-29 17:36:38 0 [Note] InnoDB: Number of pools: 1
2025-09-29 17:36:38 0 [Note] InnoDB: Using SSE2 crc32 instructions
2025-09-29 17:36:38 0 [Note] InnoDB: Initializing buffer pool, total size = 16M, instances = 1, chunk size = 16M
2025-09-29 17:36:38 0 [Note] InnoDB: Completed initialization of buffer pool
2025-09-29 17:36:38 0 [Note] InnoDB: Starting crash recovery from checkpoint LSN=300306
2025-09-29 17:36:38 0 [Note] InnoDB: 128 out of 128 rollback segments are active.
2025-09-29 17:36:38 0 [Note] InnoDB: Removed temporary tablespace data file: "ibtmp1"
2025-09-29 17:36:38 0 [Note] InnoDB: Creating shared tablespace for temporary tables
2025-09-29 17:36:38 0 [Note] InnoDB: Setting file 'C:\xampp\mysql\data\ibtmp1' size to 12 MB. Physically writing the file full; Please wait ...
2025-09-29 17:36:38 0 [Note] InnoDB: File 'C:\xampp\mysql\data\ibtmp1' size is now 12 MB.
2025-09-29 17:36:38 0 [Note] InnoDB: Waiting for purge to start
2025-09-29 17:36:38 0 [Note] InnoDB: 10.4.32 started; log sequence number 300315; transaction id 170
2025-09-29 17:36:38 0 [Note] InnoDB: Loading buffer pool(s) from C:\xampp\mysql\data\ib_buffer_pool
2025-09-29 17:36:38 0 [Note] Plugin 'FEEDBACK' is disabled.
2025-09-29 17:36:38 0 [Note] Server socket created on IP: '::'.
2025-09-29 17:45:03 0 [Note] Starting MariaDB 10.4.32-MariaDB source revision c4143f909528e3fab0677a28631d10389354c491 as process 14936
2025-09-29 17:45:03 0 [Note] InnoDB: Mutexes and rw_locks use Windows interlocked functions
2025-09-29 17:45:03 0 [Note] InnoDB: Uses event mutexes
2025-09-29 17:45:03 0 [Note] InnoDB: Compressed tables use zlib 1.3
2025-09-29 17:45:03 0 [Note] InnoDB: Number of pools: 1
2025-09-29 17:45:03 0 [Note] InnoDB: Using SSE2 crc32 instructions
2025-09-29 17:45:03 0 [Note] InnoDB: Initializing buffer pool, total size = 16M, instances = 1, chunk size = 16M
2025-09-29 17:45:03 0 [Note] InnoDB: Completed initialization of buffer pool
2025-09-29 17:45:03 0 [ERROR] InnoDB: Page [page id: space=0, page number=7] log sequence number 511518 is in the future! Current system log sequence number 510454.
2025-09-29 17:45:03 0 [ERROR] InnoDB: Your database may be corrupt or you may have copied the InnoDB tablespace but not the InnoDB log files. Please refer to https://mariadb.com/kb/en/library/innodb-recovery-modes/ for information about forcing recovery.
2025-09-29 17:45:03 0 [ERROR] InnoDB: Page [page id: space=0, page number=11] log sequence number 538511 is in the future! Current system log sequence number 510454.
2025-09-29 17:45:03 0 [ERROR] InnoDB: Your database may be corrupt or you may have copied the InnoDB tablespace but not the InnoDB log files. Please refer to https://mariadb.com/kb/en/library/innodb-recovery-modes/ for information about forcing recovery.
2025-09-29 17:45:03 0 [ERROR] InnoDB: Page [page id: space=0, page number=46] log sequence number 512121 is in the future! Current system log sequence number 510454.
2025-09-29 17:45:03 0 [ERROR] InnoDB: Your database may be corrupt or you may have copied the InnoDB tablespace but not the InnoDB log files. Please refer to https://mariadb.com/kb/en/library/innodb-recovery-modes/ for information about forcing recovery.
2025-09-29 17:45:03 0 [ERROR] InnoDB: Page [page id: space=0, page number=309] log sequence number 512121 is in the future! Current system log sequence number 510454.
2025-09-29 17:45:03 0 [ERROR] InnoDB: Your database may be corrupt or you may have copied the InnoDB tablespace but not the InnoDB log files. Please refer to https://mariadb.com/kb/en/library/innodb-recovery-modes/ for information about forcing recovery.
2025-09-29 17:45:03 0 [ERROR] InnoDB: Page [page id: space=0, page number=47] log sequence number 512389 is in the future! Current system log sequence number 510454.
2025-09-29 17:45:03 0 [ERROR] InnoDB: Your database may be corrupt or you may have copied the InnoDB tablespace but not the InnoDB log files. Please refer to https://mariadb.com/kb/en/library/innodb-recovery-modes/ for information about forcing recovery.
2025-09-29 17:45:03 0 [ERROR] InnoDB: Page [page id: space=0, page number=311] log sequence number 512389 is in the future! Current system log sequence number 510454.
2025-09-29 17:45:03 0 [ERROR] InnoDB: Your database may be corrupt or you may have copied the InnoDB tablespace but not the InnoDB log files. Please refer to https://mariadb.com/kb/en/library/innodb-recovery-modes/ for information about forcing recovery.
2025-09-29 17:45:03 0 [ERROR] InnoDB: Page [page id: space=0, page number=48] log sequence number 538423 is in the future! Current system log sequence number 510454.
2025-09-29 17:45:03 0 [ERROR] InnoDB: Your database may be corrupt or you may have copied the InnoDB tablespace but not the InnoDB log files. Please refer to https://mariadb.com/kb/en/library/innodb-recovery-modes/ for information about forcing recovery.
2025-09-29 17:45:03 0 [ERROR] InnoDB: Page [page id: space=0, page number=312] log sequence number 538423 is in the future! Current system log sequence number 510454.
2025-09-29 17:45:03 0 [ERROR] InnoDB: Your database may be corrupt or you may have copied the InnoDB tablespace but not the InnoDB log files. Please refer to https://mariadb.com/kb/en/library/innodb-recovery-modes/ for information about forcing recovery.
2025-09-29 17:45:03 0 [ERROR] InnoDB: Page [page id: space=0, page number=8] log sequence number 538591 is in the future! Current system log sequence number 510454.
2025-09-29 17:45:03 0 [ERROR] InnoDB: Your database may be corrupt or you may have copied the InnoDB tablespace but not the InnoDB log files. Please refer to https://mariadb.com/kb/en/library/innodb-recovery-modes/ for information about forcing recovery.
2025-09-29 17:45:03 0 [ERROR] InnoDB: Page [page id: space=0, page number=10] log sequence number 538611 is in the future! Current system log sequence number 510454.
2025-09-29 17:45:03 0 [ERROR] InnoDB: Your database may be corrupt or you may have copied the InnoDB tablespace but not the InnoDB log files. Please refer to https://mariadb.com/kb/en/library/innodb-recovery-modes/ for information about forcing recovery.
2025-09-29 17:45:03 0 [ERROR] InnoDB: Page [page id: space=0, page number=12] log sequence number 538443 is in the future! Current system log sequence number 510454.
2025-09-29 17:45:03 0 [ERROR] InnoDB: Your database may be corrupt or you may have copied the InnoDB tablespace but not the InnoDB log files. Please refer to https://mariadb.com/kb/en/library/innodb-recovery-modes/ for information about forcing recovery.
2025-09-29 17:45:03 0 [ERROR] InnoDB: Page [page id: space=0, page number=307] log sequence number 538464 is in the future! Current system log sequence number 510454.
2025-09-29 17:45:03 0 [ERROR] InnoDB: Your database may be corrupt or you may have copied the InnoDB tablespace but not the InnoDB log files. Please refer to https://mariadb.com/kb/en/library/innodb-recovery-modes/ for information about forcing recovery.
2025-09-29 17:45:03 0 [ERROR] InnoDB: Page [page id: space=0, page number=308] log sequence number 538485 is in the future! Current system log sequence number 510454.
2025-09-29 17:45:03 0 [ERROR] InnoDB: Your database may be corrupt or you may have copied the InnoDB tablespace but not the InnoDB log files. Please refer to https://mariadb.com/kb/en/library/innodb-recovery-modes/ for information about forcing recovery.
2025-09-29 17:45:03 0 [Note] InnoDB: 128 out of 128 rollback segments are active.
2025-09-29 17:45:03 0 [Note] InnoDB: Removed temporary tablespace data file: "ibtmp1"
2025-09-29 17:45:03 0 [Note] InnoDB: Creating shared tablespace for temporary tables
2025-09-29 17:45:03 0 [Note] InnoDB: Setting file 'C:\xampp\mysql\data\ibtmp1' size to 12 MB. Physically writing the file full; Please wait ...
2025-09-29 17:45:03 0 [Note] InnoDB: File 'C:\xampp\mysql\data\ibtmp1' size is now 12 MB.
2025-09-29 17:45:03 0 [Note] InnoDB: Waiting for purge to start
2025-09-29 17:45:03 3 [ERROR] InnoDB: Page [page id: space=0, page number=9] log sequence number 510938 is in the future! Current system log sequence number 510454.
2025-09-29 17:45:03 3 [ERROR] InnoDB: Your database may be corrupt or you may have copied the InnoDB tablespace but not the InnoDB log files. Please refer to https://mariadb.com/kb/en/library/innodb-recovery-modes/ for information about forcing recovery.
2025-09-29 17:45:03 0 [Note] InnoDB: 10.4.32 started; log sequence number 510445; transaction id 818
2025-09-29 17:45:03 0 [Note] InnoDB: Loading buffer pool(s) from C:\xampp\mysql\data\ib_buffer_pool
2025-09-29 17:45:03 0 [Note] Plugin 'FEEDBACK' is disabled.
2025-09-29 17:45:03 0 [Note] Server socket created on IP: '::'.
2025-09-30  5:55:08 0 [Note] Starting MariaDB 10.4.32-MariaDB source revision c4143f909528e3fab0677a28631d10389354c491 as process 4588
2025-09-30  5:55:08 0 [Note] InnoDB: Mutexes and rw_locks use Windows interlocked functions
2025-09-30  5:55:08 0 [Note] InnoDB: Uses event mutexes
2025-09-30  5:55:08 0 [Note] InnoDB: Compressed tables use zlib 1.3
2025-09-30  5:55:08 0 [Note] InnoDB: Number of pools: 1
2025-09-30  5:55:08 0 [Note] InnoDB: Using SSE2 crc32 instructions
2025-09-30  5:55:08 0 [Note] InnoDB: Initializing buffer pool, total size = 16M, instances = 1, chunk size = 16M
2025-09-30  5:55:08 0 [Note] InnoDB: Completed initialization of buffer pool
2025-09-30  5:55:08 0 [Note] InnoDB: Starting crash recovery from checkpoint LSN=631382
2025-09-30  5:55:09 0 [Note] InnoDB: 128 out of 128 rollback segments are active.
2025-09-30  5:55:09 0 [Note] InnoDB: Removed temporary tablespace data file: "ibtmp1"
2025-09-30  5:55:09 0 [Note] InnoDB: Creating shared tablespace for temporary tables
2025-09-30  5:55:09 0 [Note] InnoDB: Setting file 'C:\xampp\mysql\data\ibtmp1' size to 12 MB. Physically writing the file full; Please wait ...
2025-09-30  5:55:09 0 [Note] InnoDB: File 'C:\xampp\mysql\data\ibtmp1' size is now 12 MB.
2025-09-30  5:55:09 0 [Note] InnoDB: Waiting for purge to start
2025-09-30  5:55:09 0 [Note] InnoDB: 10.4.32 started; log sequence number 631391; transaction id 976
2025-09-30  5:55:09 0 [Note] InnoDB: Loading buffer pool(s) from C:\xampp\mysql\data\ib_buffer_pool
2025-09-30  5:55:09 0 [Note] Plugin 'FEEDBACK' is disabled.
2025-09-30  5:55:09 0 [Note] InnoDB: Buffer pool(s) load completed at 250930  5:55:09
2025-09-30  5:55:09 0 [Note] Server socket created on IP: '::'.
2025-09-30  6:00:19 0 [Note] Starting MariaDB 10.4.32-MariaDB source revision c4143f909528e3fab0677a28631d10389354c491 as process 5820
2025-09-30  6:00:19 0 [Note] InnoDB: Mutexes and rw_locks use Windows interlocked functions
2025-09-30  6:00:19 0 [Note] InnoDB: Uses event mutexes
2025-09-30  6:00:19 0 [Note] InnoDB: Compressed tables use zlib 1.3
2025-09-30  6:00:19 0 [Note] InnoDB: Number of pools: 1
2025-09-30  6:00:19 0 [Note] InnoDB: Using SSE2 crc32 instructions
2025-09-30  6:00:19 0 [Note] InnoDB: Initializing buffer pool, total size = 16M, instances = 1, chunk size = 16M
2025-09-30  6:00:19 0 [Note] InnoDB: Completed initialization of buffer pool
2025-09-30  6:00:19 0 [Note] InnoDB: Starting crash recovery from checkpoint LSN=631382
2025-09-30  6:00:19 0 [Warning] InnoDB: Ignoring a doublewrite copy of page [page id: space=2, page number=4] with future log sequence number 634433
2025-09-30  6:00:19 0 [Warning] InnoDB: Ignoring a doublewrite copy of page [page id: space=1, page number=3] with future log sequence number 634357
2025-09-30  6:00:19 0 [Warning] InnoDB: Ignoring a doublewrite copy of page [page id: space=36, page number=3] with future log sequence number 633083
2025-09-30  6:00:19 0 [Warning] InnoDB: Ignoring a doublewrite copy of page [page id: space=36, page number=2] with future log sequence number 633083
2025-09-30  6:00:19 0 [Warning] InnoDB: Ignoring a doublewrite copy of page [page id: space=0, page number=12] with future log sequence number 634149
2025-09-30  6:00:19 0 [Warning] InnoDB: Ignoring a doublewrite copy of page [page id: space=0, page number=308] with future log sequence number 634191
2025-09-30  6:00:19 0 [Warning] InnoDB: Ignoring a doublewrite copy of page [page id: space=0, page number=307] with future log sequence number 634170
2025-09-30  6:00:19 0 [Warning] InnoDB: Ignoring a doublewrite copy of page [page id: space=0, page number=10] with future log sequence number 634337
2025-09-30  6:00:19 0 [Warning] InnoDB: Ignoring a doublewrite copy of page [page id: space=0, page number=9] with future log sequence number 631974
2025-09-30  6:00:19 0 [Warning] InnoDB: Ignoring a doublewrite copy of page [page id: space=0, page number=8] with future log sequence number 634317
2025-09-30  6:00:19 0 [Warning] InnoDB: Ignoring a doublewrite copy of page [page id: space=36, page number=1] with future log sequence number 631747
2025-09-30  6:00:19 0 [ERROR] InnoDB: Page [page id: space=0, page number=7] log sequence number 632599 is in the future! Current system log sequence number 631400.
2025-09-30  6:00:19 0 [ERROR] InnoDB: Your database may be corrupt or you may have copied the InnoDB tablespace but not the InnoDB log files. Please refer to https://mariadb.com/kb/en/library/innodb-recovery-modes/ for information about forcing recovery.
2025-09-30  6:00:19 0 [ERROR] InnoDB: Page [page id: space=0, page number=11] log sequence number 634277 is in the future! Current system log sequence number 631400.
2025-09-30  6:00:19 0 [ERROR] InnoDB: Your database may be corrupt or you may have copied the InnoDB tablespace but not the InnoDB log files. Please refer to https://mariadb.com/kb/en/library/innodb-recovery-modes/ for information about forcing recovery.
2025-09-30  6:00:19 0 [ERROR] InnoDB: Page [page id: space=0, page number=46] log sequence number 633154 is in the future! Current system log sequence number 631400.
2025-09-30  6:00:19 0 [ERROR] InnoDB: Your database may be corrupt or you may have copied the InnoDB tablespace but not the InnoDB log files. Please refer to https://mariadb.com/kb/en/library/innodb-recovery-modes/ for information about forcing recovery.
2025-09-30  6:00:19 0 [ERROR] InnoDB: Page [page id: space=0, page number=309] log sequence number 633154 is in the future! Current system log sequence number 631400.
2025-09-30  6:00:19 0 [ERROR] InnoDB: Your database may be corrupt or you may have copied the InnoDB tablespace but not the InnoDB log files. Please refer to https://mariadb.com/kb/en/library/innodb-recovery-modes/ for information about forcing recovery.
2025-09-30  6:00:19 0 [ERROR] InnoDB: Page [page id: space=0, page number=47] log sequence number 633439 is in the future! Current system log sequence number 631400.
2025-09-30  6:00:19 0 [ERROR] InnoDB: Your database may be corrupt or you may have copied the InnoDB tablespace but not the InnoDB log files. Please refer to https://mariadb.com/kb/en/library/innodb-recovery-modes/ for information about forcing recovery.
2025-09-30  6:00:19 0 [ERROR] InnoDB: Page [page id: space=0, page number=311] log sequence number 633439 is in the future! Current system log sequence number 631400.
2025-09-30  6:00:19 0 [ERROR] InnoDB: Your database may be corrupt or you may have copied the InnoDB tablespace but not the InnoDB log files. Please refer to https://mariadb.com/kb/en/library/innodb-recovery-modes/ for information about forcing recovery.
2025-09-30  6:00:19 0 [ERROR] InnoDB: Page [page id: space=0, page number=48] log sequence number 634129 is in the future! Current system log sequence number 631400.
2025-09-30  6:00:19 0 [ERROR] InnoDB: Your database may be corrupt or you may have copied the InnoDB tablespace but not the InnoDB log files. Please refer to https://mariadb.com/kb/en/library/innodb-recovery-modes/ for information about forcing recovery.
2025-09-30  6:00:19 0 [ERROR] InnoDB: Page [page id: space=0, page number=312] log sequence number 634129 is in the future! Current system log sequence number 631400.
2025-09-30  6:00:19 0 [ERROR] InnoDB: Your database may be corrupt or you may have copied the InnoDB tablespace but not the InnoDB log files. Please refer to https://mariadb.com/kb/en/library/innodb-recovery-modes/ for information about forcing recovery.
2025-09-30  6:00:19 0 [ERROR] InnoDB: Page [page id: space=0, page number=8] log sequence number 634317 is in the future! Current system log sequence number 631400.
2025-09-30  6:00:19 0 [ERROR] InnoDB: Your database may be corrupt or you may have copied the InnoDB tablespace but not the InnoDB log files. Please refer to https://mariadb.com/kb/en/library/innodb-recovery-modes/ for information about forcing recovery.
2025-09-30  6:00:19 0 [ERROR] InnoDB: Page [page id: space=0, page number=10] log sequence number 634337 is in the future! Current system log sequence number 631400.
2025-09-30  6:00:19 0 [ERROR] InnoDB: Your database may be corrupt or you may have copied the InnoDB tablespace but not the InnoDB log files. Please refer to https://mariadb.com/kb/en/library/innodb-recovery-modes/ for information about forcing recovery.
2025-09-30  6:00:19 0 [ERROR] InnoDB: Page [page id: space=0, page number=12] log sequence number 634149 is in the future! Current system log sequence number 631400.
2025-09-30  6:00:19 0 [ERROR] InnoDB: Your database may be corrupt or you may have copied the InnoDB tablespace but not the InnoDB log files. Please refer to https://mariadb.com/kb/en/library/innodb-recovery-modes/ for information about forcing recovery.
2025-09-30  6:00:19 0 [ERROR] InnoDB: Page [page id: space=0, page number=307] log sequence number 634170 is in the future! Current system log sequence number 631400.
2025-09-30  6:00:19 0 [ERROR] InnoDB: Your database may be corrupt or you may have copied the InnoDB tablespace but not the InnoDB log files. Please refer to https://mariadb.com/kb/en/library/innodb-recovery-modes/ for information about forcing recovery.
2025-09-30  6:00:19 0 [ERROR] InnoDB: Page [page id: space=0, page number=308] log sequence number 634191 is in the future! Current system log sequence number 631400.
2025-09-30  6:00:19 0 [ERROR] InnoDB: Your database may be corrupt or you may have copied the InnoDB tablespace but not the InnoDB log files. Please refer to https://mariadb.com/kb/en/library/innodb-recovery-modes/ for information about forcing recovery.
2025-09-30  6:00:19 0 [Note] InnoDB: 128 out of 128 rollback segments are active.
2025-09-30  6:00:19 0 [Note] InnoDB: Removed temporary tablespace data file: "ibtmp1"
2025-09-30  6:00:19 0 [Note] InnoDB: Creating shared tablespace for temporary tables
2025-09-30  6:00:19 0 [Note] InnoDB: Setting file 'C:\xampp\mysql\data\ibtmp1' size to 12 MB. Physically writing the file full; Please wait ...
2025-09-30  6:00:19 0 [Note] InnoDB: File 'C:\xampp\mysql\data\ibtmp1' size is now 12 MB.
2025-09-30  6:00:19 0 [Note] InnoDB: Waiting for purge to start
2025-09-30  6:00:19 1 [ERROR] InnoDB: Page [page id: space=0, page number=9] log sequence number 631974 is in the future! Current system log sequence number 631400.
2025-09-30  6:00:19 1 [ERROR] InnoDB: Your database may be corrupt or you may have copied the InnoDB tablespace but not the InnoDB log files. Please refer to https://mariadb.com/kb/en/library/innodb-recovery-modes/ for information about forcing recovery.
2025-09-30  6:00:19 1 [ERROR] InnoDB: Page [page id: space=2, page number=4] log sequence number 634433 is in the future! Current system log sequence number 631400.
2025-09-30  6:00:19 1 [ERROR] InnoDB: Your database may be corrupt or you may have copied the InnoDB tablespace but not the InnoDB log files. Please refer to https://mariadb.com/kb/en/library/innodb-recovery-modes/ for information about forcing recovery.
2025-09-30  6:00:19 3 [ERROR] InnoDB: Page [page id: space=1, page number=3] log sequence number 634357 is in the future! Current system log sequence number 631400.
2025-09-30  6:00:19 3 [ERROR] InnoDB: Your database may be corrupt or you may have copied the InnoDB tablespace but not the InnoDB log files. Please refer to https://mariadb.com/kb/en/library/innodb-recovery-modes/ for information about forcing recovery.
2025-09-30  6:00:19 0 [Note] InnoDB: 10.4.32 started; log sequence number 631391; transaction id 984
2025-09-30  6:00:19 0 [Note] InnoDB: Loading buffer pool(s) from C:\xampp\mysql\data\ib_buffer_pool
2025-09-30  6:00:19 0 [Note] Plugin 'FEEDBACK' is disabled.
2025-09-30  6:00:19 0 [Note] Server socket created on IP: '::'.
2025-09-30  6:00:56 0 [Note] Starting MariaDB 10.4.32-MariaDB source revision c4143f909528e3fab0677a28631d10389354c491 as process 2156
2025-09-30  6:00:56 0 [Note] InnoDB: Mutexes and rw_locks use Windows interlocked functions
2025-09-30  6:00:56 0 [Note] InnoDB: Uses event mutexes
2025-09-30  6:00:56 0 [Note] InnoDB: Compressed tables use zlib 1.3
2025-09-30  6:00:56 0 [Note] InnoDB: Number of pools: 1
2025-09-30  6:00:56 0 [Note] InnoDB: Using SSE2 crc32 instructions
2025-09-30  6:00:56 0 [Note] InnoDB: Initializing buffer pool, total size = 16M, instances = 1, chunk size = 16M
2025-09-30  6:00:56 0 [Note] InnoDB: Completed initialization of buffer pool
2025-09-30  6:00:56 0 [Note] InnoDB: Starting crash recovery from checkpoint LSN=631382
2025-09-30  6:00:56 0 [Warning] InnoDB: Ignoring a doublewrite copy of page [page id: space=2, page number=4] with future log sequence number 634433
2025-09-30  6:00:56 0 [Warning] InnoDB: Ignoring a doublewrite copy of page [page id: space=1, page number=3] with future log sequence number 634357
2025-09-30  6:00:56 0 [Warning] InnoDB: Ignoring a doublewrite copy of page [page id: space=36, page number=3] with future log sequence number 633083
2025-09-30  6:00:56 0 [Warning] InnoDB: Ignoring a doublewrite copy of page [page id: space=36, page number=2] with future log sequence number 633083
2025-09-30  6:00:56 0 [Warning] InnoDB: Ignoring a doublewrite copy of page [page id: space=0, page number=12] with future log sequence number 634149
2025-09-30  6:00:56 0 [Warning] InnoDB: Ignoring a doublewrite copy of page [page id: space=0, page number=308] with future log sequence number 634191
2025-09-30  6:00:56 0 [Warning] InnoDB: Ignoring a doublewrite copy of page [page id: space=0, page number=307] with future log sequence number 634170
2025-09-30  6:00:56 0 [Warning] InnoDB: Ignoring a doublewrite copy of page [page id: space=0, page number=10] with future log sequence number 634337
2025-09-30  6:00:56 0 [Warning] InnoDB: Ignoring a doublewrite copy of page [page id: space=0, page number=9] with future log sequence number 631974
2025-09-30  6:00:56 0 [Warning] InnoDB: Ignoring a doublewrite copy of page [page id: space=0, page number=8] with future log sequence number 634317
2025-09-30  6:00:56 0 [Warning] InnoDB: Ignoring a doublewrite copy of page [page id: space=36, page number=1] with future log sequence number 631747
2025-09-30  6:00:56 0 [ERROR] InnoDB: Page [page id: space=0, page number=7] log sequence number 632599 is in the future! Current system log sequence number 631400.
2025-09-30  6:00:56 0 [ERROR] InnoDB: Your database may be corrupt or you may have copied the InnoDB tablespace but not the InnoDB log files. Please refer to https://mariadb.com/kb/en/library/innodb-recovery-modes/ for information about forcing recovery.
2025-09-30  6:00:56 0 [ERROR] InnoDB: Page [page id: space=0, page number=11] log sequence number 634277 is in the future! Current system log sequence number 631400.
2025-09-30  6:00:56 0 [ERROR] InnoDB: Your database may be corrupt or you may have copied the InnoDB tablespace but not the InnoDB log files. Please refer to https://mariadb.com/kb/en/library/innodb-recovery-modes/ for information about forcing recovery.
2025-09-30  6:00:56 0 [ERROR] InnoDB: Page [page id: space=0, page number=46] log sequence number 633154 is in the future! Current system log sequence number 631400.
2025-09-30  6:00:56 0 [ERROR] InnoDB: Your database may be corrupt or you may have copied the InnoDB tablespace but not the InnoDB log files. Please refer to https://mariadb.com/kb/en/library/innodb-recovery-modes/ for information about forcing recovery.
2025-09-30  6:00:56 0 [ERROR] InnoDB: Page [page id: space=0, page number=309] log sequence number 633154 is in the future! Current system log sequence number 631400.
2025-09-30  6:00:56 0 [ERROR] InnoDB: Your database may be corrupt or you may have copied the InnoDB tablespace but not the InnoDB log files. Please refer to https://mariadb.com/kb/en/library/innodb-recovery-modes/ for information about forcing recovery.
2025-09-30  6:00:56 0 [ERROR] InnoDB: Page [page id: space=0, page number=47] log sequence number 633439 is in the future! Current system log sequence number 631400.
2025-09-30  6:00:56 0 [ERROR] InnoDB: Your database may be corrupt or you may have copied the InnoDB tablespace but not the InnoDB log files. Please refer to https://mariadb.com/kb/en/library/innodb-recovery-modes/ for information about forcing recovery.
2025-09-30  6:00:56 0 [ERROR] InnoDB: Page [page id: space=0, page number=311] log sequence number 633439 is in the future! Current system log sequence number 631400.
2025-09-30  6:00:56 0 [ERROR] InnoDB: Your database may be corrupt or you may have copied the InnoDB tablespace but not the InnoDB log files. Please refer to https://mariadb.com/kb/en/library/innodb-recovery-modes/ for information about forcing recovery.
2025-09-30  6:00:56 0 [ERROR] InnoDB: Page [page id: space=0, page number=48] log sequence number 634129 is in the future! Current system log sequence number 631400.
2025-09-30  6:00:56 0 [ERROR] InnoDB: Your database may be corrupt or you may have copied the InnoDB tablespace but not the InnoDB log files. Please refer to https://mariadb.com/kb/en/library/innodb-recovery-modes/ for information about forcing recovery.
2025-09-30  6:00:56 0 [ERROR] InnoDB: Page [page id: space=0, page number=312] log sequence number 634129 is in the future! Current system log sequence number 631400.
2025-09-30  6:00:56 0 [ERROR] InnoDB: Your database may be corrupt or you may have copied the InnoDB tablespace but not the InnoDB log files. Please refer to https://mariadb.com/kb/en/library/innodb-recovery-modes/ for information about forcing recovery.
2025-09-30  6:00:56 0 [ERROR] InnoDB: Page [page id: space=0, page number=8] log sequence number 634317 is in the future! Current system log sequence number 631400.
2025-09-30  6:00:56 0 [ERROR] InnoDB: Your database may be corrupt or you may have copied the InnoDB tablespace but not the InnoDB log files. Please refer to https://mariadb.com/kb/en/library/innodb-recovery-modes/ for information about forcing recovery.
2025-09-30  6:00:56 0 [ERROR] InnoDB: Page [page id: space=0, page number=10] log sequence number 634337 is in the future! Current system log sequence number 631400.
2025-09-30  6:00:56 0 [ERROR] InnoDB: Your database may be corrupt or you may have copied the InnoDB tablespace but not the InnoDB log files. Please refer to https://mariadb.com/kb/en/library/innodb-recovery-modes/ for information about forcing recovery.
2025-09-30  6:00:56 0 [ERROR] InnoDB: Page [page id: space=0, page number=12] log sequence number 634149 is in the future! Current system log sequence number 631400.
2025-09-30  6:00:56 0 [ERROR] InnoDB: Your database may be corrupt or you may have copied the InnoDB tablespace but not the InnoDB log files. Please refer to https://mariadb.com/kb/en/library/innodb-recovery-modes/ for information about forcing recovery.
2025-09-30  6:00:56 0 [ERROR] InnoDB: Page [page id: space=0, page number=307] log sequence number 634170 is in the future! Current system log sequence number 631400.
2025-09-30  6:00:56 0 [ERROR] InnoDB: Your database may be corrupt or you may have copied the InnoDB tablespace but not the InnoDB log files. Please refer to https://mariadb.com/kb/en/library/innodb-recovery-modes/ for information about forcing recovery.
2025-09-30  6:00:56 0 [ERROR] InnoDB: Page [page id: space=0, page number=308] log sequence number 634191 is in the future! Current system log sequence number 631400.
2025-09-30  6:00:56 0 [ERROR] InnoDB: Your database may be corrupt or you may have copied the InnoDB tablespace but not the InnoDB log files. Please refer to https://mariadb.com/kb/en/library/innodb-recovery-modes/ for information about forcing recovery.
2025-09-30  6:00:56 0 [Note] InnoDB: 128 out of 128 rollback segments are active.
2025-09-30  6:00:56 0 [Note] InnoDB: Removed temporary tablespace data file: "ibtmp1"
2025-09-30  6:00:56 0 [Note] InnoDB: Creating shared tablespace for temporary tables
2025-09-30  6:00:56 0 [Note] InnoDB: Setting file 'C:\xampp\mysql\data\ibtmp1' size to 12 MB. Physically writing the file full; Please wait ...
2025-09-30  6:00:56 0 [Note] InnoDB: File 'C:\xampp\mysql\data\ibtmp1' size is now 12 MB.
2025-09-30  6:00:56 0 [Note] InnoDB: Waiting for purge to start
2025-09-30  6:00:56 1 [ERROR] InnoDB: Page [page id: space=0, page number=9] log sequence number 631974 is in the future! Current system log sequence number 631400.
2025-09-30  6:00:56 1 [ERROR] InnoDB: Your database may be corrupt or you may have copied the InnoDB tablespace but not the InnoDB log files. Please refer to https://mariadb.com/kb/en/library/innodb-recovery-modes/ for information about forcing recovery.
2025-09-30  6:00:56 1 [ERROR] InnoDB: Page [page id: space=2, page number=4] log sequence number 634433 is in the future! Current system log sequence number 631400.
2025-09-30  6:00:56 1 [ERROR] InnoDB: Your database may be corrupt or you may have copied the InnoDB tablespace but not the InnoDB log files. Please refer to https://mariadb.com/kb/en/library/innodb-recovery-modes/ for information about forcing recovery.
2025-09-30  6:00:56 2 [ERROR] InnoDB: Page [page id: space=1, page number=3] log sequence number 634357 is in the future! Current system log sequence number 631400.
2025-09-30  6:00:56 2 [ERROR] InnoDB: Your database may be corrupt or you may have copied the InnoDB tablespace but not the InnoDB log files. Please refer to https://mariadb.com/kb/en/library/innodb-recovery-modes/ for information about forcing recovery.
2025-09-30  6:00:56 0 [Note] InnoDB: 10.4.32 started; log sequence number 631391; transaction id 984
2025-09-30  6:00:56 0 [Note] InnoDB: Loading buffer pool(s) from C:\xampp\mysql\data\ib_buffer_pool
2025-09-30  6:00:56 0 [Note] Plugin 'FEEDBACK' is disabled.
2025-09-30  6:00:56 0 [Note] Server socket created on IP: '::'.
2025-09-30  6:04:43 0 [Note] Starting MariaDB 10.4.32-MariaDB source revision c4143f909528e3fab0677a28631d10389354c491 as process 2764
2025-09-30  6:04:43 0 [Note] InnoDB: Mutexes and rw_locks use Windows interlocked functions
2025-09-30  6:04:43 0 [Note] InnoDB: Uses event mutexes
2025-09-30  6:04:43 0 [Note] InnoDB: Compressed tables use zlib 1.3
2025-09-30  6:04:43 0 [Note] InnoDB: Number of pools: 1
2025-09-30  6:04:43 0 [Note] InnoDB: Using SSE2 crc32 instructions
2025-09-30  6:04:43 0 [Note] InnoDB: Initializing buffer pool, total size = 16M, instances = 1, chunk size = 16M
2025-09-30  6:04:43 0 [Note] InnoDB: Completed initialization of buffer pool
2025-09-30  6:04:43 0 [Note] InnoDB: Starting crash recovery from checkpoint LSN=657317
2025-09-30  6:04:43 0 [Note] Starting MariaDB 10.4.32-MariaDB source revision c4143f909528e3fab0677a28631d10389354c491 as process 5492
2025-09-30  6:04:43 0 [ERROR] InnoDB: The innodb_system data file 'ibdata1' must be writable
2025-09-30  6:04:43 0 [ERROR] InnoDB: The innodb_system data file 'ibdata1' must be writable
2025-09-30  6:04:43 0 [ERROR] Plugin 'InnoDB' registration as a STORAGE ENGINE failed.
2025-09-30  6:04:43 0 [Note] Plugin 'FEEDBACK' is disabled.
2025-09-30  6:04:44 0 [ERROR] Unknown/unsupported storage engine: InnoDB
2025-09-30  6:04:44 0 [ERROR] Aborting
2025-09-30  6:04:44 0 [Note] InnoDB: Starting final batch to recover 3 pages from redo log.
2025-09-30  6:04:44 0 [Note] Starting MariaDB 10.4.32-MariaDB source revision c4143f909528e3fab0677a28631d10389354c491 as process 5976
2025-09-30  6:04:44 0 [ERROR] InnoDB: The innodb_system data file 'ibdata1' must be writable
2025-09-30  6:04:44 0 [ERROR] InnoDB: The innodb_system data file 'ibdata1' must be writable
2025-09-30  6:04:44 0 [ERROR] Plugin 'InnoDB' registration as a STORAGE ENGINE failed.
2025-09-30  6:04:44 0 [Note] Plugin 'FEEDBACK' is disabled.
2025-09-30  6:04:44 0 [ERROR] Unknown/unsupported storage engine: InnoDB
2025-09-30  6:04:44 0 [ERROR] Aborting
2025-09-30  6:04:44 0 [Note] InnoDB: 128 out of 128 rollback segments are active.
2025-09-30  6:04:44 0 [Note] InnoDB: Removed temporary tablespace data file: "ibtmp1"
2025-09-30  6:04:44 0 [Note] InnoDB: Creating shared tablespace for temporary tables
2025-09-30  6:04:44 0 [Note] InnoDB: Setting file 'C:\xampp\mysql\data\ibtmp1' size to 12 MB. Physically writing the file full; Please wait ...
2025-09-30  6:04:44 0 [Note] InnoDB: File 'C:\xampp\mysql\data\ibtmp1' size is now 12 MB.
2025-09-30  6:04:44 0 [Note] InnoDB: Waiting for purge to start
2025-09-30  6:04:44 0 [Note] InnoDB: 10.4.32 started; log sequence number 659438; transaction id 1131
2025-09-30  6:04:44 0 [Note] InnoDB: Loading buffer pool(s) from C:\xampp\mysql\data\ib_buffer_pool
2025-09-30  6:04:44 0 [Note] Plugin 'FEEDBACK' is disabled.
2025-09-30  6:04:44 0 [Note] Server socket created on IP: '::'.
2025-09-30  6:48:07 0 [Note] Starting MariaDB 10.4.32-MariaDB source revision c4143f909528e3fab0677a28631d10389354c491 as process 13880
2025-09-30  6:48:07 0 [Note] InnoDB: Mutexes and rw_locks use Windows interlocked functions
2025-09-30  6:48:07 0 [Note] InnoDB: Uses event mutexes
2025-09-30  6:48:07 0 [Note] InnoDB: Compressed tables use zlib 1.3
2025-09-30  6:48:07 0 [Note] InnoDB: Number of pools: 1
2025-09-30  6:48:07 0 [Note] InnoDB: Using SSE2 crc32 instructions
2025-09-30  6:48:07 0 [Note] InnoDB: Initializing buffer pool, total size = 16M, instances = 1, chunk size = 16M
2025-09-30  6:48:07 0 [Note] InnoDB: Completed initialization of buffer pool
2025-09-30  6:48:07 0 [Note] InnoDB: Starting crash recovery from checkpoint LSN=671460
2025-09-30  6:48:08 0 [Note] InnoDB: 128 out of 128 rollback segments are active.
2025-09-30  6:48:08 0 [Note] InnoDB: Removed temporary tablespace data file: "ibtmp1"
2025-09-30  6:48:08 0 [Note] InnoDB: Creating shared tablespace for temporary tables
2025-09-30  6:48:08 0 [Note] InnoDB: Setting file 'C:\xampp\mysql\data\ibtmp1' size to 12 MB. Physically writing the file full; Please wait ...
2025-09-30  6:48:08 0 [Note] InnoDB: File 'C:\xampp\mysql\data\ibtmp1' size is now 12 MB.
2025-09-30  6:48:08 0 [Note] InnoDB: Waiting for purge to start
2025-09-30  6:48:08 0 [Note] InnoDB: 10.4.32 started; log sequence number 671469; transaction id 1202
2025-09-30  6:48:08 0 [Note] InnoDB: Loading buffer pool(s) from C:\xampp\mysql\data\ib_buffer_pool
2025-09-30  6:48:08 0 [Note] Plugin 'FEEDBACK' is disabled.
2025-09-30  6:48:08 0 [Note] InnoDB: Buffer pool(s) load completed at 250930  6:48:08
2025-09-30  6:48:08 0 [Note] Server socket created on IP: '::'.
2025-09-30  6:52:37 0 [Note] Starting MariaDB 10.4.32-MariaDB source revision c4143f909528e3fab0677a28631d10389354c491 as process 1204
2025-09-30  6:52:37 0 [Note] InnoDB: Mutexes and rw_locks use Windows interlocked functions
2025-09-30  6:52:37 0 [Note] InnoDB: Uses event mutexes
2025-09-30  6:52:37 0 [Note] InnoDB: Compressed tables use zlib 1.3
2025-09-30  6:52:37 0 [Note] InnoDB: Number of pools: 1
2025-09-30  6:52:37 0 [Note] InnoDB: Using SSE2 crc32 instructions
2025-09-30  6:52:37 0 [Note] InnoDB: Initializing buffer pool, total size = 16M, instances = 1, chunk size = 16M
2025-09-30  6:52:37 0 [Note] InnoDB: Completed initialization of buffer pool
2025-09-30  6:52:37 0 [Note] InnoDB: Starting crash recovery from checkpoint LSN=672412
2025-09-30  6:52:38 0 [Note] InnoDB: 128 out of 128 rollback segments are active.
2025-09-30  6:52:38 0 [Note] InnoDB: Removed temporary tablespace data file: "ibtmp1"
2025-09-30  6:52:38 0 [Note] InnoDB: Creating shared tablespace for temporary tables
2025-09-30  6:52:38 0 [Note] InnoDB: Setting file 'C:\xampp\mysql\data\ibtmp1' size to 12 MB. Physically writing the file full; Please wait ...
2025-09-30  6:52:38 0 [Note] InnoDB: File 'C:\xampp\mysql\data\ibtmp1' size is now 12 MB.
2025-09-30  6:52:38 0 [Note] InnoDB: Waiting for purge to start
2025-09-30  6:52:38 0 [Note] InnoDB: 10.4.32 started; log sequence number 672421; transaction id 1210
2025-09-30  6:52:38 0 [Note] InnoDB: Loading buffer pool(s) from C:\xampp\mysql\data\ib_buffer_pool
2025-09-30  6:52:38 0 [Note] Plugin 'FEEDBACK' is disabled.
2025-09-30  6:52:38 0 [Note] InnoDB: Buffer pool(s) load completed at 250930  6:52:38
2025-09-30  6:52:38 0 [Note] Server socket created on IP: '::'.
2025-09-30 21:44:46 0 [Note] Starting MariaDB 10.4.32-MariaDB source revision c4143f909528e3fab0677a28631d10389354c491 as process 13512
2025-09-30 21:44:46 0 [Note] InnoDB: Mutexes and rw_locks use Windows interlocked functions
2025-09-30 21:44:46 0 [Note] InnoDB: Uses event mutexes
2025-09-30 21:44:46 0 [Note] InnoDB: Compressed tables use zlib 1.3
2025-09-30 21:44:46 0 [Note] InnoDB: Number of pools: 1
2025-09-30 21:44:46 0 [Note] InnoDB: Using SSE2 crc32 instructions
2025-09-30 21:44:46 0 [Note] InnoDB: Initializing buffer pool, total size = 16M, instances = 1, chunk size = 16M
2025-09-30 21:44:46 0 [Note] InnoDB: Completed initialization of buffer pool
2025-09-30 21:44:46 0 [Note] InnoDB: Starting crash recovery from checkpoint LSN=673086
2025-09-30 21:44:46 0 [Note] InnoDB: 128 out of 128 rollback segments are active.
2025-09-30 21:44:46 0 [Note] InnoDB: Removed temporary tablespace data file: "ibtmp1"
2025-09-30 21:44:46 0 [Note] InnoDB: Creating shared tablespace for temporary tables
2025-09-30 21:44:46 0 [Note] InnoDB: Setting file 'C:\xampp\mysql\data\ibtmp1' size to 12 MB. Physically writing the file full; Please wait ...
2025-09-30 21:44:46 0 [Note] InnoDB: File 'C:\xampp\mysql\data\ibtmp1' size is now 12 MB.
2025-09-30 21:44:46 0 [Note] InnoDB: Waiting for purge to start
2025-09-30 21:44:46 0 [Note] InnoDB: 10.4.32 started; log sequence number 673095; transaction id 1215
2025-09-30 21:44:46 0 [Note] InnoDB: Loading buffer pool(s) from C:\xampp\mysql\data\ib_buffer_pool
2025-09-30 21:44:46 0 [Note] Plugin 'FEEDBACK' is disabled.
2025-09-30 21:44:47 0 [Note] InnoDB: Buffer pool(s) load completed at 250930 21:44:47
2025-09-30 21:44:47 0 [Note] Server socket created on IP: '::'.
2025-09-30 21:52:24 0 [Note] Starting MariaDB 10.4.32-MariaDB source revision c4143f909528e3fab0677a28631d10389354c491 as process 8748
2025-09-30 21:52:24 0 [Note] InnoDB: Mutexes and rw_locks use Windows interlocked functions
2025-09-30 21:52:24 0 [Note] InnoDB: Uses event mutexes
2025-09-30 21:52:24 0 [Note] InnoDB: Compressed tables use zlib 1.3
2025-09-30 21:52:24 0 [Note] InnoDB: Number of pools: 1
2025-09-30 21:52:24 0 [Note] InnoDB: Using SSE2 crc32 instructions
2025-09-30 21:52:24 0 [Note] InnoDB: Initializing buffer pool, total size = 16M, instances = 1, chunk size = 16M
2025-09-30 21:52:24 0 [Note] InnoDB: Completed initialization of buffer pool
2025-09-30 21:52:24 0 [Note] InnoDB: Starting crash recovery from checkpoint LSN=685800
2025-09-30 21:52:25 0 [Note] InnoDB: 128 out of 128 rollback segments are active.
2025-09-30 21:52:25 0 [Note] InnoDB: Removed temporary tablespace data file: "ibtmp1"
2025-09-30 21:52:25 0 [Note] InnoDB: Creating shared tablespace for temporary tables
2025-09-30 21:52:25 0 [Note] InnoDB: Setting file 'C:\xampp\mysql\data\ibtmp1' size to 12 MB. Physically writing the file full; Please wait ...
2025-09-30 21:52:25 0 [Note] InnoDB: File 'C:\xampp\mysql\data\ibtmp1' size is now 12 MB.
2025-09-30 21:52:25 0 [Note] InnoDB: Waiting for purge to start
2025-09-30 21:52:25 0 [Note] InnoDB: 10.4.32 started; log sequence number 685809; transaction id 1292
2025-09-30 21:52:25 0 [Note] InnoDB: Loading buffer pool(s) from C:\xampp\mysql\data\ib_buffer_pool
2025-09-30 21:52:25 0 [Note] Plugin 'FEEDBACK' is disabled.
2025-09-30 21:52:25 0 [Note] InnoDB: Buffer pool(s) load completed at 250930 21:52:25
2025-09-30 21:52:25 0 [Note] Server socket created on IP: '::'.
